{"meta": {"format": 3, "version": "7.11.0", "timestamp": "2025-10-15T19:17:19.360489", "branch_coverage": false, "show_contexts": false}, "files": {"lattice_weaver/fibration/__init__.py": {"executed_lines": [1, 20, 27, 32, 36, 40, 44, 48, 53, 61, 65, 69, 102], "summary": {"covered_lines": 12, "num_statements": 12, "percent_covered": 100.0, "percent_covered_display": "100", "missing_lines": 0, "excluded_lines": 0}, "missing_lines": [], "excluded_lines": [], "functions": {"": {"executed_lines": [1, 20, 27, 32, 36, 40, 44, 48, 53, 61, 65, 69, 102], "summary": {"covered_lines": 12, "num_statements": 12, "percent_covered": 100.0, "percent_covered_display": "100", "missing_lines": 0, "excluded_lines": 0}, "missing_lines": [], "excluded_lines": []}}, "classes": {"": {"executed_lines": [1, 20, 27, 32, 36, 40, 44, 48, 53, 61, 65, 69, 102], "summary": {"covered_lines": 12, "num_statements": 12, "percent_covered": 100.0, "percent_covered_display": "100", "missing_lines": 0, "excluded_lines": 0}, "missing_lines": [], "excluded_lines": []}}}, "lattice_weaver/fibration/coherence_solver_optimized.py": {"executed_lines": [1, 14, 15, 16, 17, 18, 21, 22, 23, 24, 25, 26, 27, 29, 33, 34, 45, 53, 54, 57, 58, 61, 62, 63, 64, 66, 76, 77, 78, 79, 82, 84, 85, 87, 89, 104, 106, 110, 112, 115, 117, 118, 122, 124, 128, 133, 136, 141, 143, 148, 149, 152, 154, 155, 156, 157, 165, 181, 183, 187, 188, 190, 191, 194, 195, 196, 197, 201, 203, 205, 222, 226, 229, 234, 236, 249, 251, 267, 268, 270, 271, 273, 274, 275, 278, 280, 282, 283, 286, 287, 290, 295, 296, 298, 300, 311, 313, 326, 328, 338, 339, 341, 350, 352], "summary": {"covered_lines": 101, "num_statements": 135, "percent_covered": 74.81481481481481, "percent_covered_display": "75", "missing_lines": 34, "excluded_lines": 0}, "missing_lines": [30, 107, 119, 125, 129, 130, 144, 145, 159, 161, 163, 184, 223, 239, 242, 243, 245, 247, 291, 292, 314, 315, 318, 319, 321, 323, 324, 342, 343, 345, 347, 348, 354, 356], "excluded_lines": [], "functions": {"SearchNode.__lt__": {"executed_lines": [], "summary": {"covered_lines": 0, "num_statements": 1, "percent_covered": 0.0, "percent_covered_display": "0", "missing_lines": 1, "excluded_lines": 0}, "missing_lines": [30], "excluded_lines": []}, "CoherenceSolverOptimized.__init__": {"executed_lines": [53, 54, 57, 58, 61, 62, 63, 64], "summary": {"covered_lines": 8, "num_statements": 8, "percent_covered": 100.0, "percent_covered_display": "100", "missing_lines": 0, "excluded_lines": 0}, "missing_lines": [], "excluded_lines": []}, "CoherenceSolverOptimized.solve": {"executed_lines": [76, 77, 78, 79, 82, 84, 85, 87], "summary": {"covered_lines": 8, "num_statements": 8, "percent_covered": 100.0, "percent_covered_display": "100", "missing_lines": 0, "excluded_lines": 0}, "missing_lines": [], "excluded_lines": []}, "CoherenceSolverOptimized._backtrack": {"executed_lines": [104, 106, 110, 112, 115, 117, 118, 122, 124, 128, 133, 136, 141, 143, 148, 149, 152, 154, 155, 156, 157], "summary": {"covered_lines": 21, "num_statements": 31, "percent_covered": 67.74193548387096, "percent_covered_display": "68", "missing_lines": 10, "excluded_lines": 0}, "missing_lines": [107, 119, 125, 129, 130, 144, 145, 159, 161, 163], "excluded_lines": []}, "CoherenceSolverOptimized._select_variable_mrv": {"executed_lines": [181, 183, 187, 188, 190, 191, 194, 195, 196, 197, 201, 203], "summary": {"covered_lines": 12, "num_statements": 13, "percent_covered": 92.3076923076923, "percent_covered_display": "92", "missing_lines": 1, "excluded_lines": 0}, "missing_lines": [184], "excluded_lines": []}, "CoherenceSolverOptimized._prune_values": {"executed_lines": [222, 226, 229, 234, 236, 249], "summary": {"covered_lines": 6, "num_statements": 12, "percent_covered": 50.0, "percent_covered_display": "50", "missing_lines": 6, "excluded_lines": 0}, "missing_lines": [223, 239, 242, 243, 245, 247], "excluded_lines": []}, "CoherenceSolverOptimized._propagate_constraints": {"executed_lines": [267, 268, 270, 271, 273, 274, 275, 278, 280, 282, 283, 286, 287, 290, 295, 296, 298], "summary": {"covered_lines": 17, "num_statements": 19, "percent_covered": 89.47368421052632, "percent_covered_display": "89", "missing_lines": 2, "excluded_lines": 0}, "missing_lines": [291, 292], "excluded_lines": []}, "CoherenceSolverOptimized._is_consistent_hard": {"executed_lines": [311, 313, 326], "summary": {"covered_lines": 3, "num_statements": 10, "percent_covered": 30.0, "percent_covered_display": "30", "missing_lines": 7, "excluded_lines": 0}, "missing_lines": [314, 315, 318, 319, 321, 323, 324], "excluded_lines": []}, "CoherenceSolverOptimized._check_hard_constraints": {"executed_lines": [338, 339, 341, 350], "summary": {"covered_lines": 4, "num_statements": 9, "percent_covered": 44.44444444444444, "percent_covered_display": "44", "missing_lines": 5, "excluded_lines": 0}, "missing_lines": [342, 343, 345, 347, 348], "excluded_lines": []}, "CoherenceSolverOptimized.get_statistics": {"executed_lines": [], "summary": {"covered_lines": 0, "num_statements": 2, "percent_covered": 0.0, "percent_covered_display": "0", "missing_lines": 2, "excluded_lines": 0}, "missing_lines": [354, 356], "excluded_lines": []}, "": {"executed_lines": [1, 14, 15, 16, 17, 18, 21, 22, 23, 24, 25, 26, 27, 29, 33, 34, 45, 66, 89, 165, 205, 251, 300, 328, 352], "summary": {"covered_lines": 22, "num_statements": 22, "percent_covered": 100.0, "percent_covered_display": "100", "missing_lines": 0, "excluded_lines": 0}, "missing_lines": [], "excluded_lines": []}}, "classes": {"SearchNode": {"executed_lines": [], "summary": {"covered_lines": 0, "num_statements": 1, "percent_covered": 0.0, "percent_covered_display": "0", "missing_lines": 1, "excluded_lines": 0}, "missing_lines": [30], "excluded_lines": []}, "CoherenceSolverOptimized": {"executed_lines": [53, 54, 57, 58, 61, 62, 63, 64, 76, 77, 78, 79, 82, 84, 85, 87, 104, 106, 110, 112, 115, 117, 118, 122, 124, 128, 133, 136, 141, 143, 148, 149, 152, 154, 155, 156, 157, 181, 183, 187, 188, 190, 191, 194, 195, 196, 197, 201, 203, 222, 226, 229, 234, 236, 249, 267, 268, 270, 271, 273, 274, 275, 278, 280, 282, 283, 286, 287, 290, 295, 296, 298, 311, 313, 326, 338, 339, 341, 350], "summary": {"covered_lines": 79, "num_statements": 112, "percent_covered": 70.53571428571429, "percent_covered_display": "71", "missing_lines": 33, "excluded_lines": 0}, "missing_lines": [107, 119, 125, 129, 130, 144, 145, 159, 161, 163, 184, 223, 239, 242, 243, 245, 247, 291, 292, 314, 315, 318, 319, 321, 323, 324, 342, 343, 345, 347, 348, 354, 356], "excluded_lines": []}, "": {"executed_lines": [1, 14, 15, 16, 17, 18, 21, 22, 23, 24, 25, 26, 27, 29, 33, 34, 45, 66, 89, 165, 205, 251, 300, 328, 352], "summary": {"covered_lines": 22, "num_statements": 22, "percent_covered": 100.0, "percent_covered_display": "100", "missing_lines": 0, "excluded_lines": 0}, "missing_lines": [], "excluded_lines": []}}}, "lattice_weaver/fibration/constraint_hierarchy.py": {"executed_lines": [1, 12, 13, 14, 17, 18, 19, 20, 21, 24, 25, 26, 27, 30, 31, 32, 43, 44, 45, 46, 47, 48, 50, 63, 65, 67, 69, 70, 72, 74, 75, 77, 78, 87, 94, 95, 102, 104, 110, 117, 119, 137, 145, 147, 163, 171, 173, 191, 192, 194, 202, 204, 222, 223, 225, 233, 235, 245, 247, 257, 258, 259, 260, 261, 262, 264, 271, 272, 273, 274, 275, 277, 284, 285, 287, 299], "summary": {"covered_lines": 71, "num_statements": 78, "percent_covered": 91.02564102564102, "percent_covered_display": "91", "missing_lines": 7, "excluded_lines": 0}, "missing_lines": [80, 82, 84, 85, 88, 300, 301], "excluded_lines": [], "functions": {"Constraint.evaluate": {"executed_lines": [63, 65, 67, 69, 70, 72, 74, 75, 77, 78], "summary": {"covered_lines": 10, "num_statements": 14, "percent_covered": 71.42857142857143, "percent_covered_display": "71", "missing_lines": 4, "excluded_lines": 0}, "missing_lines": [80, 82, 84, 85], "excluded_lines": []}, "Constraint.__repr__": {"executed_lines": [], "summary": {"covered_lines": 0, "num_statements": 1, "percent_covered": 0.0, "percent_covered_display": "0", "missing_lines": 1, "excluded_lines": 0}, "missing_lines": [88], "excluded_lines": []}, "ConstraintHierarchy.__init__": {"executed_lines": [104], "summary": {"covered_lines": 1, "num_statements": 1, "percent_covered": 100.0, "percent_covered_display": "100", "missing_lines": 0, "excluded_lines": 0}, "missing_lines": [], "excluded_lines": []}, "ConstraintHierarchy.add_constraint": {"executed_lines": [117], "summary": {"covered_lines": 1, "num_statements": 1, "percent_covered": 100.0, "percent_covered_display": "100", "missing_lines": 0, "excluded_lines": 0}, "missing_lines": [], "excluded_lines": []}, "ConstraintHierarchy.add_local_constraint": {"executed_lines": [137, 145], "summary": {"covered_lines": 2, "num_statements": 2, "percent_covered": 100.0, "percent_covered_display": "100", "missing_lines": 0, "excluded_lines": 0}, "missing_lines": [], "excluded_lines": []}, "ConstraintHierarchy.add_unary_constraint": {"executed_lines": [163, 171], "summary": {"covered_lines": 2, "num_statements": 2, "percent_covered": 100.0, "percent_covered_display": "100", "missing_lines": 0, "excluded_lines": 0}, "missing_lines": [], "excluded_lines": []}, "ConstraintHierarchy.add_pattern_constraint": {"executed_lines": [191, 192, 194, 202], "summary": {"covered_lines": 4, "num_statements": 4, "percent_covered": 100.0, "percent_covered_display": "100", "missing_lines": 0, "excluded_lines": 0}, "missing_lines": [], "excluded_lines": []}, "ConstraintHierarchy.add_global_constraint": {"executed_lines": [222, 223, 225, 233], "summary": {"covered_lines": 4, "num_statements": 4, "percent_covered": 100.0, "percent_covered_display": "100", "missing_lines": 0, "excluded_lines": 0}, "missing_lines": [], "excluded_lines": []}, "ConstraintHierarchy.get_constraints_at_level": {"executed_lines": [245], "summary": {"covered_lines": 1, "num_statements": 1, "percent_covered": 100.0, "percent_covered_display": "100", "missing_lines": 0, "excluded_lines": 0}, "missing_lines": [], "excluded_lines": []}, "ConstraintHierarchy.get_constraints_involving": {"executed_lines": [257, 258, 259, 260, 261, 262], "summary": {"covered_lines": 6, "num_statements": 6, "percent_covered": 100.0, "percent_covered_display": "100", "missing_lines": 0, "excluded_lines": 0}, "missing_lines": [], "excluded_lines": []}, "ConstraintHierarchy.classify_by_hardness": {"executed_lines": [271, 272, 273, 274, 275], "summary": {"covered_lines": 5, "num_statements": 5, "percent_covered": 100.0, "percent_covered_display": "100", "missing_lines": 0, "excluded_lines": 0}, "missing_lines": [], "excluded_lines": []}, "ConstraintHierarchy.get_statistics": {"executed_lines": [284, 285, 287], "summary": {"covered_lines": 3, "num_statements": 3, "percent_covered": 100.0, "percent_covered_display": "100", "missing_lines": 0, "excluded_lines": 0}, "missing_lines": [], "excluded_lines": []}, "ConstraintHierarchy.__repr__": {"executed_lines": [], "summary": {"covered_lines": 0, "num_statements": 2, "percent_covered": 0.0, "percent_covered_display": "0", "missing_lines": 2, "excluded_lines": 0}, "missing_lines": [300, 301], "excluded_lines": []}, "": {"executed_lines": [1, 12, 13, 14, 17, 18, 19, 20, 21, 24, 25, 26, 27, 30, 31, 32, 43, 44, 45, 46, 47, 48, 50, 87, 94, 95, 102, 110, 119, 147, 173, 204, 235, 247, 264, 277, 299], "summary": {"covered_lines": 32, "num_statements": 32, "percent_covered": 100.0, "percent_covered_display": "100", "missing_lines": 0, "excluded_lines": 0}, "missing_lines": [], "excluded_lines": []}}, "classes": {"ConstraintLevel": {"executed_lines": [], "summary": {"covered_lines": 0, "num_statements": 0, "percent_covered": 100.0, "percent_covered_display": "100", "missing_lines": 0, "excluded_lines": 0}, "missing_lines": [], "excluded_lines": []}, "Hardness": {"executed_lines": [], "summary": {"covered_lines": 0, "num_statements": 0, "percent_covered": 100.0, "percent_covered_display": "100", "missing_lines": 0, "excluded_lines": 0}, "missing_lines": [], "excluded_lines": []}, "Constraint": {"executed_lines": [63, 65, 67, 69, 70, 72, 74, 75, 77, 78], "summary": {"covered_lines": 10, "num_statements": 15, "percent_covered": 66.66666666666667, "percent_covered_display": "67", "missing_lines": 5, "excluded_lines": 0}, "missing_lines": [80, 82, 84, 85, 88], "excluded_lines": []}, "ConstraintHierarchy": {"executed_lines": [104, 117, 137, 145, 163, 171, 191, 192, 194, 202, 222, 223, 225, 233, 245, 257, 258, 259, 260, 261, 262, 271, 272, 273, 274, 275, 284, 285, 287], "summary": {"covered_lines": 29, "num_statements": 31, "percent_covered": 93.54838709677419, "percent_covered_display": "94", "missing_lines": 2, "excluded_lines": 0}, "missing_lines": [300, 301], "excluded_lines": []}, "": {"executed_lines": [1, 12, 13, 14, 17, 18, 19, 20, 21, 24, 25, 26, 27, 30, 31, 32, 43, 44, 45, 46, 47, 48, 50, 87, 94, 95, 102, 110, 119, 147, 173, 204, 235, 247, 264, 277, 299], "summary": {"covered_lines": 32, "num_statements": 32, "percent_covered": 100.0, "percent_covered_display": "100", "missing_lines": 0, "excluded_lines": 0}, "missing_lines": [], "excluded_lines": []}}}, "lattice_weaver/fibration/energy_landscape.py": {"executed_lines": [1, 11, 12, 13, 14, 17, 18, 19, 28, 29, 30, 31, 33, 40, 41, 52, 59, 62, 70, 73, 74, 76, 93, 95, 96, 97, 99, 102, 103, 104, 106, 108, 116, 117, 119, 121, 134, 135, 137, 138, 139, 141, 143, 145, 163, 165, 167, 168, 171, 172, 174, 176, 191, 193, 196, 197, 199, 201, 221, 222, 224, 225, 229, 234, 235, 236, 237, 240, 241, 243, 263, 264, 265, 268, 269, 270, 272, 274, 285, 286, 288, 290, 291, 292, 294, 301, 302, 304, 311], "summary": {"covered_lines": 86, "num_statements": 91, "percent_covered": 94.50549450549451, "percent_covered_display": "95", "missing_lines": 5, "excluded_lines": 0}, "missing_lines": [34, 194, 226, 312, 313], "excluded_lines": [], "functions": {"EnergyComponents.__repr__": {"executed_lines": [], "summary": {"covered_lines": 0, "num_statements": 1, "percent_covered": 0.0, "percent_covered_display": "0", "missing_lines": 1, "excluded_lines": 0}, "missing_lines": [34], "excluded_lines": []}, "EnergyLandscape.__init__": {"executed_lines": [59, 62, 70, 73, 74], "summary": {"covered_lines": 5, "num_statements": 5, "percent_covered": 100.0, "percent_covered_display": "100", "missing_lines": 0, "excluded_lines": 0}, "missing_lines": [], "excluded_lines": []}, "EnergyLandscape.compute_energy": {"executed_lines": [93, 95, 96, 97, 99, 102, 103, 104, 106, 108, 116, 117, 119], "summary": {"covered_lines": 13, "num_statements": 13, "percent_covered": 100.0, "percent_covered_display": "100", "missing_lines": 0, "excluded_lines": 0}, "missing_lines": [], "excluded_lines": []}, "EnergyLandscape._compute_level_energy": {"executed_lines": [134, 135, 137, 138, 139, 141, 143], "summary": {"covered_lines": 7, "num_statements": 7, "percent_covered": 100.0, "percent_covered_display": "100", "missing_lines": 0, "excluded_lines": 0}, "missing_lines": [], "excluded_lines": []}, "EnergyLandscape.compute_energy_gradient": {"executed_lines": [163, 165, 167, 168, 171, 172, 174], "summary": {"covered_lines": 7, "num_statements": 7, "percent_covered": 100.0, "percent_covered_display": "100", "missing_lines": 0, "excluded_lines": 0}, "missing_lines": [], "excluded_lines": []}, "EnergyLandscape.find_energy_minimum": {"executed_lines": [191, 193, 196, 197, 199], "summary": {"covered_lines": 5, "num_statements": 6, "percent_covered": 83.33333333333333, "percent_covered_display": "83", "missing_lines": 1, "excluded_lines": 0}, "missing_lines": [194], "excluded_lines": []}, "EnergyLandscape.find_local_minima": {"executed_lines": [221, 222, 224, 225, 229, 234, 235, 236, 237, 240, 241], "summary": {"covered_lines": 11, "num_statements": 12, "percent_covered": 91.66666666666667, "percent_covered_display": "92", "missing_lines": 1, "excluded_lines": 0}, "missing_lines": [226], "excluded_lines": []}, "EnergyLandscape.compute_energy_delta": {"executed_lines": [263, 264, 265, 268, 269, 270, 272], "summary": {"covered_lines": 7, "num_statements": 7, "percent_covered": 100.0, "percent_covered_display": "100", "missing_lines": 0, "excluded_lines": 0}, "missing_lines": [], "excluded_lines": []}, "EnergyLandscape._assignment_to_key": {"executed_lines": [285, 286], "summary": {"covered_lines": 2, "num_statements": 2, "percent_covered": 100.0, "percent_covered_display": "100", "missing_lines": 0, "excluded_lines": 0}, "missing_lines": [], "excluded_lines": []}, "EnergyLandscape.clear_cache": {"executed_lines": [290, 291, 292], "summary": {"covered_lines": 3, "num_statements": 3, "percent_covered": 100.0, "percent_covered_display": "100", "missing_lines": 0, "excluded_lines": 0}, "missing_lines": [], "excluded_lines": []}, "EnergyLandscape.get_cache_statistics": {"executed_lines": [301, 302, 304], "summary": {"covered_lines": 3, "num_statements": 3, "percent_covered": 100.0, "percent_covered_display": "100", "missing_lines": 0, "excluded_lines": 0}, "missing_lines": [], "excluded_lines": []}, "EnergyLandscape.__repr__": {"executed_lines": [], "summary": {"covered_lines": 0, "num_statements": 2, "percent_covered": 0.0, "percent_covered_display": "0", "missing_lines": 2, "excluded_lines": 0}, "missing_lines": [312, 313], "excluded_lines": []}, "": {"executed_lines": [1, 11, 12, 13, 14, 17, 18, 19, 28, 29, 30, 31, 33, 40, 41, 52, 76, 121, 145, 176, 201, 243, 274, 288, 294, 311], "summary": {"covered_lines": 23, "num_statements": 23, "percent_covered": 100.0, "percent_covered_display": "100", "missing_lines": 0, "excluded_lines": 0}, "missing_lines": [], "excluded_lines": []}}, "classes": {"EnergyComponents": {"executed_lines": [], "summary": {"covered_lines": 0, "num_statements": 1, "percent_covered": 0.0, "percent_covered_display": "0", "missing_lines": 1, "excluded_lines": 0}, "missing_lines": [34], "excluded_lines": []}, "EnergyLandscape": {"executed_lines": [59, 62, 70, 73, 74, 93, 95, 96, 97, 99, 102, 103, 104, 106, 108, 116, 117, 119, 134, 135, 137, 138, 139, 141, 143, 163, 165, 167, 168, 171, 172, 174, 191, 193, 196, 197, 199, 221, 222, 224, 225, 229, 234, 235, 236, 237, 240, 241, 263, 264, 265, 268, 269, 270, 272, 285, 286, 290, 291, 292, 301, 302, 304], "summary": {"covered_lines": 63, "num_statements": 67, "percent_covered": 94.02985074626865, "percent_covered_display": "94", "missing_lines": 4, "excluded_lines": 0}, "missing_lines": [194, 226, 312, 313], "excluded_lines": []}, "": {"executed_lines": [1, 11, 12, 13, 14, 17, 18, 19, 28, 29, 30, 31, 33, 40, 41, 52, 76, 121, 145, 176, 201, 243, 274, 288, 294, 311], "summary": {"covered_lines": 23, "num_statements": 23, "percent_covered": 100.0, "percent_covered_display": "100", "missing_lines": 0, "excluded_lines": 0}, "missing_lines": [], "excluded_lines": []}}}, "lattice_weaver/fibration/energy_landscape_optimized.py": {"executed_lines": [1, 13, 14, 15, 16, 17, 20, 21, 22, 31, 32, 33, 34, 36, 43, 44, 54, 61, 64, 71, 72, 75, 76, 79, 80, 81, 82, 84, 86, 88, 89, 90, 91, 92, 93, 95, 110, 117, 118, 119, 121, 122, 125, 126, 127, 129, 131, 138, 139, 141, 143, 162, 165, 166, 169, 171, 173, 176, 177, 178, 180, 182, 185, 188, 191, 192, 195, 196, 197, 199, 200, 203, 211, 212, 214, 216, 231, 234, 235, 237, 238, 240, 242, 243, 244, 246, 247, 249, 251, 270, 272, 274, 280, 282, 284, 295, 297, 304, 312, 316, 317, 318, 319, 320], "summary": {"covered_lines": 101, "num_statements": 103, "percent_covered": 98.05825242718447, "percent_covered_display": "98", "missing_lines": 2, "excluded_lines": 0}, "missing_lines": [37, 198], "excluded_lines": [], "functions": {"EnergyComponents.__repr__": {"executed_lines": [], "summary": {"covered_lines": 0, "num_statements": 1, "percent_covered": 0.0, "percent_covered_display": "0", "missing_lines": 1, "excluded_lines": 0}, "missing_lines": [37], "excluded_lines": []}, "EnergyLandscapeOptimized.__init__": {"executed_lines": [61, 64, 71, 72, 75, 76, 79, 80, 81, 82], "summary": {"covered_lines": 10, "num_statements": 10, "percent_covered": 100.0, "percent_covered_display": "100", "missing_lines": 0, "excluded_lines": 0}, "missing_lines": [], "excluded_lines": []}, "EnergyLandscapeOptimized._build_constraint_index": {"executed_lines": [86, 88, 89, 90, 91, 92, 93], "summary": {"covered_lines": 7, "num_statements": 7, "percent_covered": 100.0, "percent_covered_display": "100", "missing_lines": 0, "excluded_lines": 0}, "missing_lines": [], "excluded_lines": []}, "EnergyLandscapeOptimized.compute_energy": {"executed_lines": [110, 117, 118, 119, 121, 122, 125, 126, 127, 129, 131, 138, 139, 141], "summary": {"covered_lines": 14, "num_statements": 14, "percent_covered": 100.0, "percent_covered_display": "100", "missing_lines": 0, "excluded_lines": 0}, "missing_lines": [], "excluded_lines": []}, "EnergyLandscapeOptimized.compute_energy_incremental": {"executed_lines": [162, 165, 166, 169, 171, 173, 176, 177, 178, 180, 182, 185, 188, 191, 192, 195, 196, 197, 199, 200, 203, 211, 212, 214], "summary": {"covered_lines": 24, "num_statements": 25, "percent_covered": 96.0, "percent_covered_display": "96", "missing_lines": 1, "excluded_lines": 0}, "missing_lines": [198], "excluded_lines": []}, "EnergyLandscapeOptimized._compute_level_energy_optimized": {"executed_lines": [231, 234, 235, 237, 238, 240, 242, 243, 244, 246, 247, 249], "summary": {"covered_lines": 12, "num_statements": 12, "percent_covered": 100.0, "percent_covered_display": "100", "missing_lines": 0, "excluded_lines": 0}, "missing_lines": [], "excluded_lines": []}, "EnergyLandscapeOptimized.compute_energy_gradient_optimized": {"executed_lines": [270, 272, 274, 280, 282], "summary": {"covered_lines": 5, "num_statements": 5, "percent_covered": 100.0, "percent_covered_display": "100", "missing_lines": 0, "excluded_lines": 0}, "missing_lines": [], "excluded_lines": []}, "EnergyLandscapeOptimized._assignment_to_key": {"executed_lines": [295], "summary": {"covered_lines": 1, "num_statements": 1, "percent_covered": 100.0, "percent_covered_display": "100", "missing_lines": 0, "excluded_lines": 0}, "missing_lines": [], "excluded_lines": []}, "EnergyLandscapeOptimized.get_cache_statistics": {"executed_lines": [304], "summary": {"covered_lines": 1, "num_statements": 1, "percent_covered": 100.0, "percent_covered_display": "100", "missing_lines": 0, "excluded_lines": 0}, "missing_lines": [], "excluded_lines": []}, "EnergyLandscapeOptimized.clear_cache": {"executed_lines": [316, 317, 318, 319, 320], "summary": {"covered_lines": 5, "num_statements": 5, "percent_covered": 100.0, "percent_covered_display": "100", "missing_lines": 0, "excluded_lines": 0}, "missing_lines": [], "excluded_lines": []}, "": {"executed_lines": [1, 13, 14, 15, 16, 17, 20, 21, 22, 31, 32, 33, 34, 36, 43, 44, 54, 84, 95, 143, 216, 251, 284, 297, 312], "summary": {"covered_lines": 22, "num_statements": 22, "percent_covered": 100.0, "percent_covered_display": "100", "missing_lines": 0, "excluded_lines": 0}, "missing_lines": [], "excluded_lines": []}}, "classes": {"EnergyComponents": {"executed_lines": [], "summary": {"covered_lines": 0, "num_statements": 1, "percent_covered": 0.0, "percent_covered_display": "0", "missing_lines": 1, "excluded_lines": 0}, "missing_lines": [37], "excluded_lines": []}, "EnergyLandscapeOptimized": {"executed_lines": [61, 64, 71, 72, 75, 76, 79, 80, 81, 82, 86, 88, 89, 90, 91, 92, 93, 110, 117, 118, 119, 121, 122, 125, 126, 127, 129, 131, 138, 139, 141, 162, 165, 166, 169, 171, 173, 176, 177, 178, 180, 182, 185, 188, 191, 192, 195, 196, 197, 199, 200, 203, 211, 212, 214, 231, 234, 235, 237, 238, 240, 242, 243, 244, 246, 247, 249, 270, 272, 274, 280, 282, 295, 304, 316, 317, 318, 319, 320], "summary": {"covered_lines": 79, "num_statements": 80, "percent_covered": 98.75, "percent_covered_display": "99", "missing_lines": 1, "excluded_lines": 0}, "missing_lines": [198], "excluded_lines": []}, "": {"executed_lines": [1, 13, 14, 15, 16, 17, 20, 21, 22, 31, 32, 33, 34, 36, 43, 44, 54, 84, 95, 143, 216, 251, 284, 297, 312], "summary": {"covered_lines": 22, "num_statements": 22, "percent_covered": 100.0, "percent_covered_display": "100", "missing_lines": 0, "excluded_lines": 0}, "missing_lines": [], "excluded_lines": []}}}, "lattice_weaver/fibration/fibration_search_solver.py": {"executed_lines": [1, 2, 3, 5, 6, 7, 8, 10, 11, 18, 19, 20, 21, 22, 23, 24, 25, 27, 28, 29, 30, 31, 32, 33, 34, 37, 41, 42, 43, 44, 45, 46, 47, 49, 50, 51, 53, 54, 57, 58, 59, 60, 61, 62, 63, 64, 66, 67, 68, 70, 71, 72, 74, 79, 83, 84, 86, 88, 94, 95, 96, 101, 105, 109, 110, 111, 113, 118, 125, 126, 127, 129, 131, 132, 134, 135, 138, 139, 142, 143, 144, 145, 148, 149, 150, 151, 152, 153, 154, 155, 156, 157, 158, 160, 162, 165, 166, 167, 168, 170, 172, 173, 175, 176], "summary": {"covered_lines": 103, "num_statements": 109, "percent_covered": 94.4954128440367, "percent_covered_display": "94", "missing_lines": 6, "excluded_lines": 0}, "missing_lines": [55, 69, 89, 90, 102, 103], "excluded_lines": [], "functions": {"FibrationSearchSolver.__init__": {"executed_lines": [19, 20, 21, 22, 23, 24, 25, 27, 28, 29, 30, 31, 32, 33, 34], "summary": {"covered_lines": 15, "num_statements": 15, "percent_covered": 100.0, "percent_covered_display": "100", "missing_lines": 0, "excluded_lines": 0}, "missing_lines": [], "excluded_lines": []}, "FibrationSearchSolver.solve": {"executed_lines": [41, 42, 43, 44, 45, 46, 47, 49, 50, 51], "summary": {"covered_lines": 10, "num_statements": 10, "percent_covered": 100.0, "percent_covered_display": "100", "missing_lines": 0, "excluded_lines": 0}, "missing_lines": [], "excluded_lines": []}, "FibrationSearchSolver._search": {"executed_lines": [54, 57, 58, 59, 60, 61, 62, 63, 64, 66, 67, 68, 70, 71, 72, 74, 79, 83, 84, 86, 88, 94, 95, 96, 101, 105], "summary": {"covered_lines": 26, "num_statements": 32, "percent_covered": 81.25, "percent_covered_display": "81", "missing_lines": 6, "excluded_lines": 0}, "missing_lines": [55, 69, 89, 90, 102, 103], "excluded_lines": []}, "FibrationSearchSolver._select_next_variable": {"executed_lines": [110, 111, 113, 118, 125, 126, 127, 129, 131, 132, 134, 135, 138, 139, 142, 143, 144, 145, 148, 149, 150, 151, 152, 153, 154, 155, 156, 157, 158], "summary": {"covered_lines": 29, "num_statements": 29, "percent_covered": 100.0, "percent_covered_display": "100", "missing_lines": 0, "excluded_lines": 0}, "missing_lines": [], "excluded_lines": []}, "FibrationSearchSolver._get_ordered_domain_values": {"executed_lines": [162, 165, 170], "summary": {"covered_lines": 3, "num_statements": 3, "percent_covered": 100.0, "percent_covered_display": "100", "missing_lines": 0, "excluded_lines": 0}, "missing_lines": [], "excluded_lines": []}, "FibrationSearchSolver._get_ordered_domain_values.calculate_value_cost": {"executed_lines": [166, 167, 168], "summary": {"covered_lines": 3, "num_statements": 3, "percent_covered": 100.0, "percent_covered_display": "100", "missing_lines": 0, "excluded_lines": 0}, "missing_lines": [], "excluded_lines": []}, "FibrationSearchSolver.set_modulation_strategy": {"executed_lines": [173], "summary": {"covered_lines": 1, "num_statements": 1, "percent_covered": 100.0, "percent_covered_display": "100", "missing_lines": 0, "excluded_lines": 0}, "missing_lines": [], "excluded_lines": []}, "FibrationSearchSolver.get_statistics": {"executed_lines": [176], "summary": {"covered_lines": 1, "num_statements": 1, "percent_covered": 100.0, "percent_covered_display": "100", "missing_lines": 0, "excluded_lines": 0}, "missing_lines": [], "excluded_lines": []}, "": {"executed_lines": [1, 2, 3, 5, 6, 7, 8, 10, 11, 18, 37, 53, 109, 160, 172, 175], "summary": {"covered_lines": 15, "num_statements": 15, "percent_covered": 100.0, "percent_covered_display": "100", "missing_lines": 0, "excluded_lines": 0}, "missing_lines": [], "excluded_lines": []}}, "classes": {"FibrationSearchSolver": {"executed_lines": [19, 20, 21, 22, 23, 24, 25, 27, 28, 29, 30, 31, 32, 33, 34, 41, 42, 43, 44, 45, 46, 47, 49, 50, 51, 54, 57, 58, 59, 60, 61, 62, 63, 64, 66, 67, 68, 70, 71, 72, 74, 79, 83, 84, 86, 88, 94, 95, 96, 101, 105, 110, 111, 113, 118, 125, 126, 127, 129, 131, 132, 134, 135, 138, 139, 142, 143, 144, 145, 148, 149, 150, 151, 152, 153, 154, 155, 156, 157, 158, 162, 165, 166, 167, 168, 170, 173, 176], "summary": {"covered_lines": 88, "num_statements": 94, "percent_covered": 93.61702127659575, "percent_covered_display": "94", "missing_lines": 6, "excluded_lines": 0}, "missing_lines": [55, 69, 89, 90, 102, 103], "excluded_lines": []}, "": {"executed_lines": [1, 2, 3, 5, 6, 7, 8, 10, 11, 18, 37, 53, 109, 160, 172, 175], "summary": {"covered_lines": 15, "num_statements": 15, "percent_covered": 100.0, "percent_covered_display": "100", "missing_lines": 0, "excluded_lines": 0}, "missing_lines": [], "excluded_lines": []}}}, "lattice_weaver/fibration/hacification_engine.py": {"executed_lines": [1, 2, 4, 5, 7, 8, 9, 10, 11, 12, 13, 15, 16, 17, 18, 19, 25, 26, 27, 28, 29, 31, 32, 33, 34, 36, 37, 38, 39, 40, 41, 42, 43, 45, 47, 48, 50, 52, 60, 73, 74, 75, 76, 77, 78, 79, 80, 84, 85], "summary": {"covered_lines": 49, "num_statements": 49, "percent_covered": 100.0, "percent_covered_display": "100", "missing_lines": 0, "excluded_lines": 0}, "missing_lines": [], "excluded_lines": [], "functions": {"HacificationEngine.__init__": {"executed_lines": [17, 18, 19], "summary": {"covered_lines": 3, "num_statements": 3, "percent_covered": 100.0, "percent_covered_display": "100", "missing_lines": 0, "excluded_lines": 0}, "missing_lines": [], "excluded_lines": []}, "HacificationEngine.hacify": {"executed_lines": [26, 27, 28, 29, 31, 32, 33, 34, 36, 37, 38, 39, 40, 41, 42, 43, 45, 47, 48, 50, 52], "summary": {"covered_lines": 21, "num_statements": 21, "percent_covered": 100.0, "percent_covered_display": "100", "missing_lines": 0, "excluded_lines": 0}, "missing_lines": [], "excluded_lines": []}, "HacificationEngine.filter_coherent_extensions": {"executed_lines": [73, 74, 75, 76, 77, 78, 79, 80], "summary": {"covered_lines": 8, "num_statements": 8, "percent_covered": 100.0, "percent_covered_display": "100", "missing_lines": 0, "excluded_lines": 0}, "missing_lines": [], "excluded_lines": []}, "HacificationEngine.get_statistics": {"executed_lines": [85], "summary": {"covered_lines": 1, "num_statements": 1, "percent_covered": 100.0, "percent_covered_display": "100", "missing_lines": 0, "excluded_lines": 0}, "missing_lines": [], "excluded_lines": []}, "": {"executed_lines": [1, 2, 4, 5, 7, 8, 9, 10, 11, 12, 13, 15, 16, 25, 60, 84], "summary": {"covered_lines": 16, "num_statements": 16, "percent_covered": 100.0, "percent_covered_display": "100", "missing_lines": 0, "excluded_lines": 0}, "missing_lines": [], "excluded_lines": []}}, "classes": {"HacificationResult": {"executed_lines": [], "summary": {"covered_lines": 0, "num_statements": 0, "percent_covered": 100.0, "percent_covered_display": "100", "missing_lines": 0, "excluded_lines": 0}, "missing_lines": [], "excluded_lines": []}, "HacificationEngine": {"executed_lines": [17, 18, 19, 26, 27, 28, 29, 31, 32, 33, 34, 36, 37, 38, 39, 40, 41, 42, 43, 45, 47, 48, 50, 52, 73, 74, 75, 76, 77, 78, 79, 80, 85], "summary": {"covered_lines": 33, "num_statements": 33, "percent_covered": 100.0, "percent_covered_display": "100", "missing_lines": 0, "excluded_lines": 0}, "missing_lines": [], "excluded_lines": []}, "": {"executed_lines": [1, 2, 4, 5, 7, 8, 9, 10, 11, 12, 13, 15, 16, 25, 60, 84], "summary": {"covered_lines": 16, "num_statements": 16, "percent_covered": 100.0, "percent_covered_display": "100", "missing_lines": 0, "excluded_lines": 0}, "missing_lines": [], "excluded_lines": []}}}, "lattice_weaver/fibration/hill_climbing_solver.py": {"executed_lines": [1, 2, 4, 5, 6, 8, 9, 17, 18, 19, 20, 21, 22, 23, 24, 25, 27, 31, 32, 34, 35, 36, 40, 42, 43, 46, 47, 49, 50, 52, 53, 54, 56, 58, 64, 65, 67, 68, 71, 72, 73, 74, 76, 82, 83, 87, 88, 90, 91, 92, 93, 95, 96, 99, 100, 102, 103, 104, 105, 107], "summary": {"covered_lines": 59, "num_statements": 60, "percent_covered": 98.33333333333333, "percent_covered_display": "98", "missing_lines": 1, "excluded_lines": 0}, "missing_lines": [38], "excluded_lines": [], "functions": {"HillClimbingFibrationSolver.__init__": {"executed_lines": [18, 19, 20, 21, 22, 23, 24, 25], "summary": {"covered_lines": 8, "num_statements": 8, "percent_covered": 100.0, "percent_covered_display": "100", "missing_lines": 0, "excluded_lines": 0}, "missing_lines": [], "excluded_lines": []}, "HillClimbingFibrationSolver.solve": {"executed_lines": [31, 32, 34, 35, 36, 40, 42, 43, 46, 47, 49, 50, 52, 53, 54, 56], "summary": {"covered_lines": 16, "num_statements": 17, "percent_covered": 94.11764705882354, "percent_covered_display": "94", "missing_lines": 1, "excluded_lines": 0}, "missing_lines": [38], "excluded_lines": []}, "HillClimbingFibrationSolver._generate_random_valid_solution": {"executed_lines": [64, 65, 67, 68, 71, 72, 73, 74], "summary": {"covered_lines": 8, "num_statements": 8, "percent_covered": 100.0, "percent_covered_display": "100", "missing_lines": 0, "excluded_lines": 0}, "missing_lines": [], "excluded_lines": []}, "HillClimbingFibrationSolver._get_best_neighbor": {"executed_lines": [82, 83, 87, 88, 90, 91, 92, 93, 95, 96, 99, 100, 102, 103, 104, 105, 107], "summary": {"covered_lines": 17, "num_statements": 17, "percent_covered": 100.0, "percent_covered_display": "100", "missing_lines": 0, "excluded_lines": 0}, "missing_lines": [], "excluded_lines": []}, "": {"executed_lines": [1, 2, 4, 5, 6, 8, 9, 17, 27, 58, 76], "summary": {"covered_lines": 10, "num_statements": 10, "percent_covered": 100.0, "percent_covered_display": "100", "missing_lines": 0, "excluded_lines": 0}, "missing_lines": [], "excluded_lines": []}}, "classes": {"HillClimbingFibrationSolver": {"executed_lines": [18, 19, 20, 21, 22, 23, 24, 25, 31, 32, 34, 35, 36, 40, 42, 43, 46, 47, 49, 50, 52, 53, 54, 56, 64, 65, 67, 68, 71, 72, 73, 74, 82, 83, 87, 88, 90, 91, 92, 93, 95, 96, 99, 100, 102, 103, 104, 105, 107], "summary": {"covered_lines": 49, "num_statements": 50, "percent_covered": 98.0, "percent_covered_display": "98", "missing_lines": 1, "excluded_lines": 0}, "missing_lines": [38], "excluded_lines": []}, "": {"executed_lines": [1, 2, 4, 5, 6, 8, 9, 17, 27, 58, 76], "summary": {"covered_lines": 10, "num_statements": 10, "percent_covered": 100.0, "percent_covered_display": "100", "missing_lines": 0, "excluded_lines": 0}, "missing_lines": [], "excluded_lines": []}}}, "lattice_weaver/fibration/landscape_modulator.py": {"executed_lines": [1, 2, 3, 5, 6, 8, 9, 11, 25, 26, 28, 29, 31, 33, 39, 40, 42, 43, 45, 47, 53, 54, 56, 57, 59, 62, 63, 64, 68, 69, 72, 73, 74, 75, 77, 83, 84, 88, 89, 90, 91, 93, 95, 97, 101, 105, 110, 111, 114, 116, 120, 121, 123, 125], "summary": {"covered_lines": 49, "num_statements": 51, "percent_covered": 96.07843137254902, "percent_covered_display": "96", "missing_lines": 2, "excluded_lines": 0}, "missing_lines": [23, 102], "excluded_lines": [], "functions": {"ModulationStrategy.__init__": {"executed_lines": [9], "summary": {"covered_lines": 1, "num_statements": 1, "percent_covered": 100.0, "percent_covered_display": "100", "missing_lines": 0, "excluded_lines": 0}, "missing_lines": [], "excluded_lines": []}, "ModulationStrategy.compute_modulation": {"executed_lines": [], "summary": {"covered_lines": 0, "num_statements": 1, "percent_covered": 0.0, "percent_covered_display": "0", "missing_lines": 1, "excluded_lines": 0}, "missing_lines": [23], "excluded_lines": []}, "FocusOnLocalStrategy.__init__": {"executed_lines": [29], "summary": {"covered_lines": 1, "num_statements": 1, "percent_covered": 100.0, "percent_covered_display": "100", "missing_lines": 0, "excluded_lines": 0}, "missing_lines": [], "excluded_lines": []}, "FocusOnLocalStrategy.compute_modulation": {"executed_lines": [33], "summary": {"covered_lines": 1, "num_statements": 1, "percent_covered": 100.0, "percent_covered_display": "100", "missing_lines": 0, "excluded_lines": 0}, "missing_lines": [], "excluded_lines": []}, "FocusOnGlobalStrategy.__init__": {"executed_lines": [43], "summary": {"covered_lines": 1, "num_statements": 1, "percent_covered": 100.0, "percent_covered_display": "100", "missing_lines": 0, "excluded_lines": 0}, "missing_lines": [], "excluded_lines": []}, "FocusOnGlobalStrategy.compute_modulation": {"executed_lines": [47], "summary": {"covered_lines": 1, "num_statements": 1, "percent_covered": 100.0, "percent_covered_display": "100", "missing_lines": 0, "excluded_lines": 0}, "missing_lines": [], "excluded_lines": []}, "AdaptiveStrategy.__init__": {"executed_lines": [57], "summary": {"covered_lines": 1, "num_statements": 1, "percent_covered": 100.0, "percent_covered_display": "100", "missing_lines": 0, "excluded_lines": 0}, "missing_lines": [], "excluded_lines": []}, "AdaptiveStrategy.compute_modulation": {"executed_lines": [62, 63, 64, 68, 69, 72, 73, 74, 75, 77], "summary": {"covered_lines": 10, "num_statements": 10, "percent_covered": 100.0, "percent_covered_display": "100", "missing_lines": 0, "excluded_lines": 0}, "missing_lines": [], "excluded_lines": []}, "LandscapeModulator.__init__": {"executed_lines": [89, 90, 91], "summary": {"covered_lines": 3, "num_statements": 3, "percent_covered": 100.0, "percent_covered_display": "100", "missing_lines": 0, "excluded_lines": 0}, "missing_lines": [], "excluded_lines": []}, "LandscapeModulator.set_strategy": {"executed_lines": [95], "summary": {"covered_lines": 1, "num_statements": 1, "percent_covered": 100.0, "percent_covered_display": "100", "missing_lines": 0, "excluded_lines": 0}, "missing_lines": [], "excluded_lines": []}, "LandscapeModulator.apply_modulation": {"executed_lines": [101, 105, 110, 111, 114], "summary": {"covered_lines": 5, "num_statements": 6, "percent_covered": 83.33333333333333, "percent_covered_display": "83", "missing_lines": 1, "excluded_lines": 0}, "missing_lines": [102], "excluded_lines": []}, "LandscapeModulator.reset_modulation": {"executed_lines": [120, 121], "summary": {"covered_lines": 2, "num_statements": 2, "percent_covered": 100.0, "percent_covered_display": "100", "missing_lines": 0, "excluded_lines": 0}, "missing_lines": [], "excluded_lines": []}, "LandscapeModulator.get_statistics": {"executed_lines": [125], "summary": {"covered_lines": 1, "num_statements": 1, "percent_covered": 100.0, "percent_covered_display": "100", "missing_lines": 0, "excluded_lines": 0}, "missing_lines": [], "excluded_lines": []}, "": {"executed_lines": [1, 2, 3, 5, 6, 8, 11, 25, 26, 28, 31, 39, 40, 42, 45, 53, 54, 56, 59, 83, 84, 88, 93, 97, 116, 123], "summary": {"covered_lines": 21, "num_statements": 21, "percent_covered": 100.0, "percent_covered_display": "100", "missing_lines": 0, "excluded_lines": 0}, "missing_lines": [], "excluded_lines": []}}, "classes": {"ModulationStrategy": {"executed_lines": [9], "summary": {"covered_lines": 1, "num_statements": 2, "percent_covered": 50.0, "percent_covered_display": "50", "missing_lines": 1, "excluded_lines": 0}, "missing_lines": [23], "excluded_lines": []}, "FocusOnLocalStrategy": {"executed_lines": [29, 33], "summary": {"covered_lines": 2, "num_statements": 2, "percent_covered": 100.0, "percent_covered_display": "100", "missing_lines": 0, "excluded_lines": 0}, "missing_lines": [], "excluded_lines": []}, "FocusOnGlobalStrategy": {"executed_lines": [43, 47], "summary": {"covered_lines": 2, "num_statements": 2, "percent_covered": 100.0, "percent_covered_display": "100", "missing_lines": 0, "excluded_lines": 0}, "missing_lines": [], "excluded_lines": []}, "AdaptiveStrategy": {"executed_lines": [57, 62, 63, 64, 68, 69, 72, 73, 74, 75, 77], "summary": {"covered_lines": 11, "num_statements": 11, "percent_covered": 100.0, "percent_covered_display": "100", "missing_lines": 0, "excluded_lines": 0}, "missing_lines": [], "excluded_lines": []}, "LandscapeModulator": {"executed_lines": [89, 90, 91, 95, 101, 105, 110, 111, 114, 120, 121, 125], "summary": {"covered_lines": 12, "num_statements": 13, "percent_covered": 92.3076923076923, "percent_covered_display": "92", "missing_lines": 1, "excluded_lines": 0}, "missing_lines": [102], "excluded_lines": []}, "": {"executed_lines": [1, 2, 3, 5, 6, 8, 11, 25, 26, 28, 31, 39, 40, 42, 45, 53, 54, 56, 59, 83, 84, 88, 93, 97, 116, 123], "summary": {"covered_lines": 21, "num_statements": 21, "percent_covered": 100.0, "percent_covered_display": "100", "missing_lines": 0, "excluded_lines": 0}, "missing_lines": [], "excluded_lines": []}}}, "lattice_weaver/fibration/optimization_solver.py": {"executed_lines": [1, 14, 15, 16, 17, 18, 21, 22, 23, 24, 25, 26, 27, 30, 31, 37, 47, 48, 49, 50, 53, 54, 57, 58, 59, 61, 73, 74, 75, 77, 78, 79, 80, 81, 82, 84, 86, 93, 94, 101, 102, 104, 106, 108, 110, 113, 115, 116, 117, 120, 123, 128, 129, 131, 132, 135, 136, 139, 140, 143, 144, 145, 146, 147, 150, 152, 153, 161, 162, 164, 166, 172, 173, 175, 178, 181, 184, 188, 189, 190, 191, 192, 193, 194, 197, 198, 202, 207, 209, 211, 214, 217, 219, 220, 226, 228, 230, 231, 233, 239, 240, 242, 245, 248, 251, 252, 253, 254, 255, 256, 257, 258, 261, 262, 266, 267, 272, 273, 275, 276, 279, 281, 282, 284, 286, 287, 289, 291, 293, 294, 297, 298, 300, 301, 304, 305, 306, 307, 311, 313, 315, 317, 318, 320, 321, 323, 324, 325, 328, 330, 331, 332, 334, 335, 337, 338, 339, 341, 344, 346, 348, 350, 351, 354, 355, 357, 359, 360, 362, 364, 366, 367, 369, 370, 371, 373, 375, 378, 380], "summary": {"covered_lines": 176, "num_statements": 186, "percent_covered": 94.6236559139785, "percent_covered_display": "95", "missing_lines": 10, "excluded_lines": 0}, "missing_lines": [179, 185, 199, 212, 246, 263, 342, 352, 376, 382], "excluded_lines": [], "functions": {"OptimizationSolver.__init__": {"executed_lines": [47, 48, 49, 50, 53, 54, 57, 58, 59], "summary": {"covered_lines": 9, "num_statements": 9, "percent_covered": 100.0, "percent_covered_display": "100", "missing_lines": 0, "excluded_lines": 0}, "missing_lines": [], "excluded_lines": []}, "OptimizationSolver.solve": {"executed_lines": [73, 74, 75, 77, 78, 79, 80, 81, 82, 84], "summary": {"covered_lines": 10, "num_statements": 10, "percent_covered": 100.0, "percent_covered_display": "100", "missing_lines": 0, "excluded_lines": 0}, "missing_lines": [], "excluded_lines": []}, "OptimizationSolver._beam_search": {"executed_lines": [93, 94, 101, 102, 104, 106, 108, 110, 113, 115, 116, 117, 120, 123, 128, 129, 131, 132, 135, 136, 139, 140, 143, 144, 145, 146, 147, 150, 152, 153, 161, 162, 164], "summary": {"covered_lines": 33, "num_statements": 33, "percent_covered": 100.0, "percent_covered_display": "100", "missing_lines": 0, "excluded_lines": 0}, "missing_lines": [], "excluded_lines": []}, "OptimizationSolver._branch_and_bound": {"executed_lines": [172, 173, 175, 230, 231], "summary": {"covered_lines": 5, "num_statements": 5, "percent_covered": 100.0, "percent_covered_display": "100", "missing_lines": 0, "excluded_lines": 0}, "missing_lines": [], "excluded_lines": []}, "OptimizationSolver._branch_and_bound.backtrack": {"executed_lines": [178, 181, 184, 188, 189, 190, 191, 192, 193, 194, 197, 198, 202, 207, 209, 211, 214, 217, 219, 220, 226, 228], "summary": {"covered_lines": 22, "num_statements": 26, "percent_covered": 84.61538461538461, "percent_covered_display": "85", "missing_lines": 4, "excluded_lines": 0}, "missing_lines": [179, 185, 199, 212], "excluded_lines": []}, "OptimizationSolver._k_best_search": {"executed_lines": [239, 240, 242, 286, 287], "summary": {"covered_lines": 5, "num_statements": 5, "percent_covered": 100.0, "percent_covered_display": "100", "missing_lines": 0, "excluded_lines": 0}, "missing_lines": [], "excluded_lines": []}, "OptimizationSolver._k_best_search.backtrack": {"executed_lines": [245, 248, 251, 252, 253, 254, 255, 256, 257, 258, 261, 262, 266, 267, 272, 273, 275, 276, 279, 281, 282, 284], "summary": {"covered_lines": 22, "num_statements": 24, "percent_covered": 91.66666666666667, "percent_covered_display": "92", "missing_lines": 2, "excluded_lines": 0}, "missing_lines": [246, 263], "excluded_lines": []}, "OptimizationSolver._select_variable_mrv": {"executed_lines": [291, 293, 294, 297, 298, 300, 301, 304, 305, 306, 307, 311, 313], "summary": {"covered_lines": 13, "num_statements": 13, "percent_covered": 100.0, "percent_covered_display": "100", "missing_lines": 0, "excluded_lines": 0}, "missing_lines": [], "excluded_lines": []}, "OptimizationSolver._propagate_constraints": {"executed_lines": [317, 318, 320, 321, 323, 324, 325, 328, 330, 331, 332, 334, 335, 337, 338, 339, 341, 344], "summary": {"covered_lines": 18, "num_statements": 19, "percent_covered": 94.73684210526316, "percent_covered_display": "95", "missing_lines": 1, "excluded_lines": 0}, "missing_lines": [342], "excluded_lines": []}, "OptimizationSolver._is_consistent_hard": {"executed_lines": [348, 350, 351, 354, 355, 357, 359, 360, 362], "summary": {"covered_lines": 9, "num_statements": 10, "percent_covered": 90.0, "percent_covered_display": "90", "missing_lines": 1, "excluded_lines": 0}, "missing_lines": [352], "excluded_lines": []}, "OptimizationSolver._check_hard_constraints": {"executed_lines": [366, 367, 369, 370, 371, 373, 375, 378], "summary": {"covered_lines": 8, "num_statements": 9, "percent_covered": 88.88888888888889, "percent_covered_display": "89", "missing_lines": 1, "excluded_lines": 0}, "missing_lines": [376], "excluded_lines": []}, "OptimizationSolver.get_statistics": {"executed_lines": [], "summary": {"covered_lines": 0, "num_statements": 1, "percent_covered": 0.0, "percent_covered_display": "0", "missing_lines": 1, "excluded_lines": 0}, "missing_lines": [382], "excluded_lines": []}, "": {"executed_lines": [1, 14, 15, 16, 17, 18, 21, 22, 23, 24, 25, 26, 27, 30, 31, 37, 61, 86, 166, 233, 289, 315, 346, 364, 380], "summary": {"covered_lines": 22, "num_statements": 22, "percent_covered": 100.0, "percent_covered_display": "100", "missing_lines": 0, "excluded_lines": 0}, "missing_lines": [], "excluded_lines": []}}, "classes": {"SearchState": {"executed_lines": [], "summary": {"covered_lines": 0, "num_statements": 0, "percent_covered": 100.0, "percent_covered_display": "100", "missing_lines": 0, "excluded_lines": 0}, "missing_lines": [], "excluded_lines": []}, "OptimizationSolver": {"executed_lines": [47, 48, 49, 50, 53, 54, 57, 58, 59, 73, 74, 75, 77, 78, 79, 80, 81, 82, 84, 93, 94, 101, 102, 104, 106, 108, 110, 113, 115, 116, 117, 120, 123, 128, 129, 131, 132, 135, 136, 139, 140, 143, 144, 145, 146, 147, 150, 152, 153, 161, 162, 164, 172, 173, 175, 178, 181, 184, 188, 189, 190, 191, 192, 193, 194, 197, 198, 202, 207, 209, 211, 214, 217, 219, 220, 226, 228, 230, 231, 239, 240, 242, 245, 248, 251, 252, 253, 254, 255, 256, 257, 258, 261, 262, 266, 267, 272, 273, 275, 276, 279, 281, 282, 284, 286, 287, 291, 293, 294, 297, 298, 300, 301, 304, 305, 306, 307, 311, 313, 317, 318, 320, 321, 323, 324, 325, 328, 330, 331, 332, 334, 335, 337, 338, 339, 341, 344, 348, 350, 351, 354, 355, 357, 359, 360, 362, 366, 367, 369, 370, 371, 373, 375, 378], "summary": {"covered_lines": 154, "num_statements": 164, "percent_covered": 93.90243902439025, "percent_covered_display": "94", "missing_lines": 10, "excluded_lines": 0}, "missing_lines": [179, 185, 199, 212, 246, 263, 342, 352, 376, 382], "excluded_lines": []}, "": {"executed_lines": [1, 14, 15, 16, 17, 18, 21, 22, 23, 24, 25, 26, 27, 30, 31, 37, 61, 86, 166, 233, 289, 315, 346, 364, 380], "summary": {"covered_lines": 22, "num_statements": 22, "percent_covered": 100.0, "percent_covered_display": "100", "missing_lines": 0, "excluded_lines": 0}, "missing_lines": [], "excluded_lines": []}}}, "lattice_weaver/fibration/simple_optimization_solver.py": {"executed_lines": [1, 8, 9, 10, 13, 14, 21, 23, 24, 25, 26, 29, 32, 33, 34, 35, 36, 38, 48, 49, 50, 51, 52, 53, 55, 57, 59, 61, 64, 67, 70, 72, 73, 76, 79, 82, 83, 84, 86, 89, 90, 94, 97, 102, 105, 107, 108, 110, 113, 114, 116, 118, 120, 122, 127, 129, 131, 133, 134, 138, 139, 141, 143, 144, 146, 148, 150, 151, 153, 154, 155, 157, 159, 160, 162, 164, 166], "summary": {"covered_lines": 75, "num_statements": 80, "percent_covered": 93.75, "percent_covered_display": "94", "missing_lines": 5, "excluded_lines": 0}, "missing_lines": [62, 65, 91, 123, 135], "excluded_lines": [], "functions": {"SimpleOptimizationSolver.__init__": {"executed_lines": [23, 24, 25, 26, 29, 32, 33, 34, 35, 36], "summary": {"covered_lines": 10, "num_statements": 10, "percent_covered": 100.0, "percent_covered_display": "100", "missing_lines": 0, "excluded_lines": 0}, "missing_lines": [], "excluded_lines": []}, "SimpleOptimizationSolver.solve": {"executed_lines": [48, 49, 50, 51, 52, 53, 55, 57], "summary": {"covered_lines": 8, "num_statements": 8, "percent_covered": 100.0, "percent_covered_display": "100", "missing_lines": 0, "excluded_lines": 0}, "missing_lines": [], "excluded_lines": []}, "SimpleOptimizationSolver._backtrack": {"executed_lines": [61, 64, 67, 70, 72, 73, 76, 79, 82, 83, 84, 86, 89, 90, 94, 97, 102, 105, 107, 108, 110, 113, 114, 116], "summary": {"covered_lines": 24, "num_statements": 27, "percent_covered": 88.88888888888889, "percent_covered_display": "89", "missing_lines": 3, "excluded_lines": 0}, "missing_lines": [62, 65, 91], "excluded_lines": []}, "SimpleOptimizationSolver._select_variable_mrv": {"executed_lines": [120, 122, 127], "summary": {"covered_lines": 3, "num_statements": 4, "percent_covered": 75.0, "percent_covered_display": "75", "missing_lines": 1, "excluded_lines": 0}, "missing_lines": [123], "excluded_lines": []}, "SimpleOptimizationSolver._is_consistent_hard": {"executed_lines": [131, 133, 134, 138, 139, 141, 143, 144, 146], "summary": {"covered_lines": 9, "num_statements": 10, "percent_covered": 90.0, "percent_covered_display": "90", "missing_lines": 1, "excluded_lines": 0}, "missing_lines": [135], "excluded_lines": []}, "SimpleOptimizationSolver._check_hard_constraints": {"executed_lines": [150, 151, 153, 154, 155, 157, 159, 160, 162], "summary": {"covered_lines": 9, "num_statements": 9, "percent_covered": 100.0, "percent_covered_display": "100", "missing_lines": 0, "excluded_lines": 0}, "missing_lines": [], "excluded_lines": []}, "SimpleOptimizationSolver.get_statistics": {"executed_lines": [166], "summary": {"covered_lines": 1, "num_statements": 1, "percent_covered": 100.0, "percent_covered_display": "100", "missing_lines": 0, "excluded_lines": 0}, "missing_lines": [], "excluded_lines": []}, "": {"executed_lines": [1, 8, 9, 10, 13, 14, 21, 38, 59, 118, 129, 148, 164], "summary": {"covered_lines": 11, "num_statements": 11, "percent_covered": 100.0, "percent_covered_display": "100", "missing_lines": 0, "excluded_lines": 0}, "missing_lines": [], "excluded_lines": []}}, "classes": {"SimpleOptimizationSolver": {"executed_lines": [23, 24, 25, 26, 29, 32, 33, 34, 35, 36, 48, 49, 50, 51, 52, 53, 55, 57, 61, 64, 67, 70, 72, 73, 76, 79, 82, 83, 84, 86, 89, 90, 94, 97, 102, 105, 107, 108, 110, 113, 114, 116, 120, 122, 127, 131, 133, 134, 138, 139, 141, 143, 144, 146, 150, 151, 153, 154, 155, 157, 159, 160, 162, 166], "summary": {"covered_lines": 64, "num_statements": 69, "percent_covered": 92.7536231884058, "percent_covered_display": "93", "missing_lines": 5, "excluded_lines": 0}, "missing_lines": [62, 65, 91, 123, 135], "excluded_lines": []}, "": {"executed_lines": [1, 8, 9, 10, 13, 14, 21, 38, 59, 118, 129, 148, 164], "summary": {"covered_lines": 11, "num_statements": 11, "percent_covered": 100.0, "percent_covered_display": "100", "missing_lines": 0, "excluded_lines": 0}, "missing_lines": [], "excluded_lines": []}}}}, "totals": {"covered_lines": 882, "num_statements": 954, "percent_covered": 92.45283018867924, "percent_covered_display": "92", "missing_lines": 72, "excluded_lines": 0}}